Info: Starting: Create block symbol file (.bsf)
Info: qsys-generate /home/jfj/DCLab/Lab3/jfjplayer.qsys --block-symbol-file --output-directory=/home/jfj/DCLab/Lab3/jfjplayer --family="Cyclone IV E" --part=EP4CE115F29C7
Progress: Loading Lab3/jfjplayer.qsys
Progress: Reading input file
Progress: Adding altpll_0 [altpll 15.1]
Progress: Parameterizing module altpll_0
Progress: Adding clk_0 [clock_source 15.1]
Progress: Parameterizing module clk_0
Progress: Building connections
Progress: Parameterizing connections
Progress: Validating
Progress: Done reading input file
Warning: jfjplayer.altpll_0: altpll_0.areset_conduit must be exported, or connected to a matching conduit.
Warning: jfjplayer.altpll_0: altpll_0.locked_conduit must be exported, or connected to a matching conduit.
Warning: jfjplayer.altpll_0: altpll_0.phasedone_conduit must be exported, or connected to a matching conduit.
Warning: jfjplayer.altpll_0: altpll_0.pll_slave must be connected to an Avalon-MM master
Info: qsys-generate succeeded.
Info: Finished: Create block symbol file (.bsf)
Info: 
Info: Starting: Create HDL design files for synthesis
Info: qsys-generate /home/jfj/DCLab/Lab3/jfjplayer.qsys --synthesis=VERILOG --output-directory=/home/jfj/DCLab/Lab3/jfjplayer/synthesis --family="Cyclone IV E" --part=EP4CE115F29C7
Progress: Loading Lab3/jfjplayer.qsys
Progress: Reading input file
Progress: Adding altpll_0 [altpll 15.1]
Progress: Parameterizing module altpll_0
Progress: Adding clk_0 [clock_source 15.1]
Progress: Parameterizing module clk_0
Progress: Building connections
Progress: Parameterizing connections
Progress: Validating
Progress: Done reading input file
Warning: jfjplayer.altpll_0: altpll_0.areset_conduit must be exported, or connected to a matching conduit.
Warning: jfjplayer.altpll_0: altpll_0.locked_conduit must be exported, or connected to a matching conduit.
Warning: jfjplayer.altpll_0: altpll_0.phasedone_conduit must be exported, or connected to a matching conduit.
Warning: jfjplayer.altpll_0: altpll_0.pll_slave must be connected to an Avalon-MM master
Info: jfjplayer: Generating jfjplayer "jfjplayer" for QUARTUS_SYNTH
Info: altpll_0: "jfjplayer" instantiated altpll "altpll_0"
Info: rst_controller: "jfjplayer" instantiated altera_reset_controller "rst_controller"
Info: jfjplayer: Done "jfjplayer" with 3 modules, 5 files
Info: qsys-generate succeeded.
Info: Finished: Create HDL design files for synthesis
